# JRE version: OpenJDK Runtime Environment Temurin-21.0.4+7 (21.0.4+7) (build 21.0.4+7-LTS)
# Java VM: OpenJDK 64-Bit Server VM Temurin-21.0.4+7 (21.0.4+7-LTS, mixed mode, emulated-client, tiered, compressed oops, compressed class ptrs, g1 gc, windows-amd64)
GC Precious Log:
 CardTable entry size: 512
 Card Set container configuration: InlinePtr #cards 5 size 8 Array Of Cards #cards 12 size 40 Howl #buckets 4 coarsen threshold 1843 Howl Bitmap #cards 512 size 80 coarsen threshold 460 Card regions per heap region 1 cards per card region 2048
 CPUs: 8 total, 8 available
 Memory: 7915M
 Large Page Support: Disabled
 NUMA Support: Disabled
 Compressed Oops: Enabled (32-bit)
 Heap Region Size: 1M
 Heap Min Capacity: 8M
 Heap Initial Capacity: 124M
 Heap Max Capacity: 1980M
 Pre-touch: Disabled
 Parallel Workers: 8
 Concurrent Workers: 2
 Concurrent Refinement Workers: 8
 Periodic GC: Disabled
Heap:
 garbage-first heap   total 53248K, used 23514K [0x0000000084400000, 0x0000000100000000)
  region size 1024K, 9 young (9216K), 4 survivors (4096K)
 Metaspace       used 40809K, committed 41344K, reserved 1114112K
  class space    used 5060K, committed 5312K, reserved 1048576K
GC Heap History (16 events):
Event: 0.726 GC heap before
{Heap before GC invocations=0 (full 0):
 garbage-first heap   total 126976K, used 24576K [0x0000000084400000, 0x0000000100000000)
  region size 1024K, 23 young (23552K), 0 survivors (0K)
 Metaspace       used 17002K, committed 17152K, reserved 1114112K
  class space    used 1717K, committed 1792K, reserved 1048576K
}
Event: 0.734 GC heap after
{Heap after GC invocations=1 (full 0):
 garbage-first heap   total 126976K, used 8192K [0x0000000084400000, 0x0000000100000000)
  region size 1024K, 3 young (3072K), 3 survivors (3072K)
 Metaspace       used 17002K, committed 17152K, reserved 1114112K
  class space    used 1717K, committed 1792K, reserved 1048576K
}
Event: 1.034 GC heap before
{Heap before GC invocations=1 (full 0):
 garbage-first heap   total 126976K, used 24576K [0x0000000084400000, 0x0000000100000000)
  region size 1024K, 20 young (20480K), 3 survivors (3072K)
 Metaspace       used 21188K, committed 21504K, reserved 1114112K
  class space    used 2348K, committed 2496K, reserved 1048576K
}
Event: 1.055 GC heap after
{Heap after GC invocations=2 (full 0):
 garbage-first heap   total 126976K, used 9926K [0x0000000084400000, 0x0000000100000000)
  region size 1024K, 2 young (2048K), 2 survivors (2048K)
 Metaspace       used 21188K, committed 21504K, reserved 1114112K
  class space    used 2348K, committed 2496K, reserved 1048576K
}
Event: 1.222 GC heap before
{Heap before GC invocations=3 (full 0):
 garbage-first heap   total 34816K, used 27334K [0x0000000084400000, 0x0000000100000000)
  region size 1024K, 20 young (20480K), 2 survivors (2048K)
 Metaspace       used 25881K, committed 26176K, reserved 1114112K
  class space    used 2933K, committed 3072K, reserved 1048576K
}
Event: 1.238 GC heap after
{Heap after GC invocations=4 (full 0):
 garbage-first heap   total 34816K, used 11324K [0x0000000084400000, 0x0000000100000000)
  region size 1024K, 2 young (2048K), 2 survivors (2048K)
 Metaspace       used 25881K, committed 26176K, reserved 1114112K
  class space    used 2933K, committed 3072K, reserved 1048576K
}
Event: 1.353 GC heap before
{Heap before GC invocations=4 (full 0):
 garbage-first heap   total 34816K, used 25660K [0x0000000084400000, 0x0000000100000000)
  region size 1024K, 17 young (17408K), 2 survivors (2048K)
 Metaspace       used 29406K, committed 29824K, reserved 1114112K
  class space    used 3440K, committed 3648K, reserved 1048576K
}
Event: 1.356 GC heap after
{Heap after GC invocations=5 (full 0):
 garbage-first heap   total 34816K, used 12332K [0x0000000084400000, 0x0000000100000000)
  region size 1024K, 3 young (3072K), 3 survivors (3072K)
 Metaspace       used 29406K, committed 29824K, reserved 1114112K
  class space    used 3440K, committed 3648K, reserved 1048576K
}
Event: 1.711 GC heap before
{Heap before GC invocations=5 (full 0):
 garbage-first heap   total 34816K, used 26668K [0x0000000084400000, 0x0000000100000000)
  region size 1024K, 18 young (18432K), 3 survivors (3072K)
 Metaspace       used 31077K, committed 31424K, reserved 1114112K
  class space    used 3655K, committed 3840K, reserved 1048576K
}
Event: 1.739 GC heap after
{Heap after GC invocations=6 (full 0):
 garbage-first heap   total 34816K, used 14267K [0x0000000084400000, 0x0000000100000000)
  region size 1024K, 3 young (3072K), 3 survivors (3072K)
 Metaspace       used 31077K, committed 31424K, reserved 1114112K
  class space    used 3655K, committed 3840K, reserved 1048576K
}
Event: 1.954 GC heap before
{Heap before GC invocations=6 (full 0):
 garbage-first heap   total 34816K, used 28603K [0x0000000084400000, 0x0000000100000000)
  region size 1024K, 17 young (17408K), 3 survivors (3072K)
 Metaspace       used 32821K, committed 33216K, reserved 1114112K
  class space    used 3909K, committed 4096K, reserved 1048576K
}
Event: 1.959 GC heap after
{Heap after GC invocations=7 (full 0):
 garbage-first heap   total 53248K, used 15535K [0x0000000084400000, 0x0000000100000000)
  region size 1024K, 2 young (2048K), 2 survivors (2048K)
 Metaspace       used 32821K, committed 33216K, reserved 1114112K
  class space    used 3909K, committed 4096K, reserved 1048576K
}
Event: 2.330 GC heap before
{Heap before GC invocations=7 (full 0):
 garbage-first heap   total 53248K, used 31919K [0x0000000084400000, 0x0000000100000000)
  region size 1024K, 20 young (20480K), 2 survivors (2048K)
 Metaspace       used 35537K, committed 35968K, reserved 1114112K
  class space    used 4334K, committed 4544K, reserved 1048576K
}
Event: 2.335 GC heap after
{Heap after GC invocations=8 (full 0):
 garbage-first heap   total 53248K, used 17186K [0x0000000084400000, 0x0000000100000000)
  region size 1024K, 3 young (3072K), 3 survivors (3072K)
 Metaspace       used 35537K, committed 35968K, reserved 1114112K
  class space    used 4334K, committed 4544K, reserved 1048576K
}
Event: 2.801 GC heap before
{Heap before GC invocations=9 (full 0):
 garbage-first heap   total 53248K, used 43810K [0x0000000084400000, 0x0000000100000000)
  region size 1024K, 29 young (29696K), 3 survivors (3072K)
 Metaspace       used 39670K, committed 40192K, reserved 1114112K
  class space    used 4918K, committed 5120K, reserved 1048576K
}
Event: 2.817 GC heap after
{Heap after GC invocations=10 (full 0):
 garbage-first heap   total 53248K, used 19418K [0x0000000084400000, 0x0000000100000000)
  region size 1024K, 4 young (4096K), 4 survivors (4096K)
 Metaspace       used 39670K, committed 40192K, reserved 1114112K
  class space    used 4918K, committed 5120K, reserved 1048576K
}

